Dropping caches for config: 4KB
Configuration: 4KB completed.
/mydata/Trident-artefacts/bin/numactl -C 0 --membind 0 /mydata/Trident-artefacts/bin/sssp /mydata/PCC-artefacts/data/Kronecker_25/ 0 0 perf stat -p %d -B -v -o /mydata/Trident-artefacts/evaluation/sssp/node0.atma-248296.pccartefacts-pg0.clemson.cloudlab.us-sssp--4KB--20250429-033222/perflog-sssp-node0.atma-248296.pccartefacts-pg0.clemson.cloudlab.us-4KB.dat -e instructions:u -e cycles:u -e L1-dcache-loads:u -e L1-dcache-load-misses:u -e L1-dcache-stores:u -e LLC-loads:u -e LLC-load-misses:u -e LLC-stores:u -e LLC-store-misses:u -e dTLB-loads:u -e dTLB-stores:u -e page-faults:u -e dtlb_load_misses.stlb_hit:u -e dtlb_load_misses.miss_causes_a_walk:u -e dtlb_load_misses.walk_completed:u -e dtlb_load_misses.walk_completed_1g:u -e dtlb_load_misses.walk_completed_2m_4m:u -e dtlb_load_misses.walk_completed_4k:u -e dtlb_store_misses.stlb_hit:u -e dtlb_store_misses.miss_causes_a_walk:u -e dtlb_store_misses.walk_completed:u -e dtlb_store_misses.walk_completed_1g:u -e dtlb_store_misses.walk_completed_2m_4m:u -e dtlb_store_misses.walk_completed_4k:u -e dtlb_load_misses.walk_duration:u -e dtlb_store_misses.walk_duration:u -e dtlb_load_misses.stlb_hit_4k:u -e dtlb_load_misses.stlb_hit_2m:u -e dtlb_store_misses.stlb_hit_4k:u -e dtlb_store_misses.stlb_hit_2m:u -e page_walker_loads.dtlb_l1:u -e page_walker_loads.dtlb_l2:u -e page_walker_loads.dtlb_l3:u -e page_walker_loads.dtlb_memory:u
[0mWaiting for benchmark: 4299 to be ready
Initialization Time (seconds): 111
[0mWaiting for benchmark to be done
Execution Time (seconds): 319
Dropping caches for config: 2MBTHP
Configuration: 2MBTHP completed.
/mydata/Trident-artefacts/bin/numactl -C 0 --membind 0 /mydata/Trident-artefacts/bin/sssp /mydata/PCC-artefacts/data/Kronecker_25/ 0 0 perf stat -p %d -B -v -o /mydata/Trident-artefacts/evaluation/sssp/node0.atma-248296.pccartefacts-pg0.clemson.cloudlab.us-sssp--2MBTHP--20250429-033935/perflog-sssp-node0.atma-248296.pccartefacts-pg0.clemson.cloudlab.us-2MBTHP.dat -e instructions:u -e cycles:u -e L1-dcache-loads:u -e L1-dcache-load-misses:u -e L1-dcache-stores:u -e LLC-loads:u -e LLC-load-misses:u -e LLC-stores:u -e LLC-store-misses:u -e dTLB-loads:u -e dTLB-stores:u -e page-faults:u -e dtlb_load_misses.stlb_hit:u -e dtlb_load_misses.miss_causes_a_walk:u -e dtlb_load_misses.walk_completed:u -e dtlb_load_misses.walk_completed_1g:u -e dtlb_load_misses.walk_completed_2m_4m:u -e dtlb_load_misses.walk_completed_4k:u -e dtlb_store_misses.stlb_hit:u -e dtlb_store_misses.miss_causes_a_walk:u -e dtlb_store_misses.walk_completed:u -e dtlb_store_misses.walk_completed_1g:u -e dtlb_store_misses.walk_completed_2m_4m:u -e dtlb_store_misses.walk_completed_4k:u -e dtlb_load_misses.walk_duration:u -e dtlb_store_misses.walk_duration:u -e dtlb_load_misses.stlb_hit_4k:u -e dtlb_load_misses.stlb_hit_2m:u -e dtlb_store_misses.stlb_hit_4k:u -e dtlb_store_misses.stlb_hit_2m:u -e page_walker_loads.dtlb_l1:u -e page_walker_loads.dtlb_l2:u -e page_walker_loads.dtlb_l3:u -e page_walker_loads.dtlb_memory:u
[0mWaiting for benchmark: 15354 to be ready
Initialization Time (seconds): 90
[0mWaiting for benchmark to be done
Execution Time (seconds): 299
Dropping caches for config: TRIDENT
Configuration: TRIDENT completed.
/mydata/Trident-artefacts/bin/numactl -C 0 --membind 0 /mydata/Trident-artefacts/bin/sssp /mydata/PCC-artefacts/data/Kronecker_25/ 0 0 perf stat -p %d -B -v -o /mydata/Trident-artefacts/evaluation/sssp/node0.atma-248296.pccartefacts-pg0.clemson.cloudlab.us-sssp--TRIDENT--20250429-034609/perflog-sssp-node0.atma-248296.pccartefacts-pg0.clemson.cloudlab.us-TRIDENT.dat -e instructions:u -e cycles:u -e L1-dcache-loads:u -e L1-dcache-load-misses:u -e L1-dcache-stores:u -e LLC-loads:u -e LLC-load-misses:u -e LLC-stores:u -e LLC-store-misses:u -e dTLB-loads:u -e dTLB-stores:u -e page-faults:u -e dtlb_load_misses.stlb_hit:u -e dtlb_load_misses.miss_causes_a_walk:u -e dtlb_load_misses.walk_completed:u -e dtlb_load_misses.walk_completed_1g:u -e dtlb_load_misses.walk_completed_2m_4m:u -e dtlb_load_misses.walk_completed_4k:u -e dtlb_store_misses.stlb_hit:u -e dtlb_store_misses.miss_causes_a_walk:u -e dtlb_store_misses.walk_completed:u -e dtlb_store_misses.walk_completed_1g:u -e dtlb_store_misses.walk_completed_2m_4m:u -e dtlb_store_misses.walk_completed_4k:u -e dtlb_load_misses.walk_duration:u -e dtlb_store_misses.walk_duration:u -e dtlb_load_misses.stlb_hit_4k:u -e dtlb_load_misses.stlb_hit_2m:u -e dtlb_store_misses.stlb_hit_4k:u -e dtlb_store_misses.stlb_hit_2m:u -e page_walker_loads.dtlb_l1:u -e page_walker_loads.dtlb_l2:u -e page_walker_loads.dtlb_l3:u -e page_walker_loads.dtlb_memory:u
[0mWaiting for benchmark: 25516 to be ready
Initialization Time (seconds): 159
[0mWaiting for benchmark to be done
Dropping caches for config: TRIDENT
Configuration: TRIDENT completed.
/mydata/Trident-artefacts/bin/numactl -C 0 --membind 0 /mydata/Trident-artefacts/bin/sssp /mydata/PCC-artefacts/data/Kronecker_25/ 0 0 perf stat -p %d -B -v -o /mydata/Trident-artefacts/evaluation/sssp/node0.atma-248296.pccartefacts-pg0.clemson.cloudlab.us-sssp--TRIDENT--20250430-054652/perflog-sssp-node0.atma-248296.pccartefacts-pg0.clemson.cloudlab.us-TRIDENT.dat -e instructions:u -e cycles:u -e L1-dcache-loads:u -e L1-dcache-load-misses:u -e L1-dcache-stores:u -e LLC-loads:u -e LLC-load-misses:u -e LLC-stores:u -e LLC-store-misses:u -e dTLB-loads:u -e dTLB-stores:u -e page-faults:u -e dtlb_load_misses.stlb_hit:u -e dtlb_load_misses.miss_causes_a_walk:u -e dtlb_load_misses.walk_completed:u -e dtlb_load_misses.walk_completed_1g:u -e dtlb_load_misses.walk_completed_2m_4m:u -e dtlb_load_misses.walk_completed_4k:u -e dtlb_store_misses.stlb_hit:u -e dtlb_store_misses.miss_causes_a_walk:u -e dtlb_store_misses.walk_completed:u -e dtlb_store_misses.walk_completed_1g:u -e dtlb_store_misses.walk_completed_2m_4m:u -e dtlb_store_misses.walk_completed_4k:u -e dtlb_load_misses.walk_duration:u -e dtlb_store_misses.walk_duration:u -e dtlb_load_misses.stlb_hit_4k:u -e dtlb_load_misses.stlb_hit_2m:u -e dtlb_store_misses.stlb_hit_4k:u -e dtlb_store_misses.stlb_hit_2m:u -e page_walker_loads.dtlb_l1:u -e page_walker_loads.dtlb_l2:u -e page_walker_loads.dtlb_l3:u -e page_walker_loads.dtlb_memory:u
[0mWaiting for benchmark: 14706 to be ready
Initialization Time (seconds): 228
[0mWaiting for benchmark to be done
Execution Time (seconds): 306
