Dropping caches for config: 4KB
Configuration: 4KB completed.
perf stat -x, -o /mydata/Trident-MICRO21-artifact/evaluation/bfs/node0.atma-243298.pccartefacts-pg0.clemson.cloudlab.us-bfs--4KB--20250316-010900/perflog-bfs-node0.atma-243298.pccartefacts-pg0.clemson.cloudlab.us-4KB.dat -e cycles,instructions,L1-dcache-loads,L1-dcache-load-misses,L1-dcache-stores,LLC-loads,LLC-load-misses,LLC-stores,LLC-store-misses,dTLB-loads,dTLB-stores,dtlb_load_misses.stlb_hit,dtlb_load_misses.miss_causes_a_walk,dtlb_load_misses.walk_duration,dtlb_load_misses.walk_completed,dtlb_load_misses.walk_completed_4k,dtlb_load_misses.walk_completed_2m_4m,dtlb_load_misses.walk_completed_1g,dtlb_store_misses.stlb_hit,dtlb_store_misses.miss_causes_a_walk,dtlb_store_misses.walk_duration,dtlb_store_misses.walk_completed,dtlb_store_misses.walk_completed_4k,dtlb_store_misses.walk_completed_2m_4m,dtlb_store_misses.walk_completed_1g,page_walker_loads.dtlb_l1,page_walker_loads.dtlb_l2,page_walker_loads.dtlb_l3,page_walker_loads.dtlb_memory,page-faults,dtlb_load_misses.stlb_hit_4k,dtlb_load_misses.stlb_hit_2m,dtlb_store_misses.stlb_hit_4k,dtlb_store_misses.stlb_hit_2m -- /mydata/Trident-MICRO21-artifact/bin/numactl -C 2 --membind 0 /mydata/Trident-MICRO21-artifact/bin/bfs /mydata/PCC-artefacts/data/Kronecker_25/ 0 0
[0mWaiting for benchmark: 12867 to be ready
Dropping caches for config: 2MBTHP
Configuration: 2MBTHP completed.
perf stat -x, -o /mydata/Trident-MICRO21-artifact/evaluation/bfs/node0.atma-243298.pccartefacts-pg0.clemson.cloudlab.us-bfs--2MBTHP--20250316-010915/perflog-bfs-node0.atma-243298.pccartefacts-pg0.clemson.cloudlab.us-2MBTHP.dat -e cycles,instructions,L1-dcache-loads,L1-dcache-load-misses,L1-dcache-stores,LLC-loads,LLC-load-misses,LLC-stores,LLC-store-misses,dTLB-loads,dTLB-stores,dtlb_load_misses.stlb_hit,dtlb_load_misses.miss_causes_a_walk,dtlb_load_misses.walk_duration,dtlb_load_misses.walk_completed,dtlb_load_misses.walk_completed_4k,dtlb_load_misses.walk_completed_2m_4m,dtlb_load_misses.walk_completed_1g,dtlb_store_misses.stlb_hit,dtlb_store_misses.miss_causes_a_walk,dtlb_store_misses.walk_duration,dtlb_store_misses.walk_completed,dtlb_store_misses.walk_completed_4k,dtlb_store_misses.walk_completed_2m_4m,dtlb_store_misses.walk_completed_1g,page_walker_loads.dtlb_l1,page_walker_loads.dtlb_l2,page_walker_loads.dtlb_l3,page_walker_loads.dtlb_memory,page-faults,dtlb_load_misses.stlb_hit_4k,dtlb_load_misses.stlb_hit_2m,dtlb_store_misses.stlb_hit_4k,dtlb_store_misses.stlb_hit_2m -- /mydata/Trident-MICRO21-artifact/bin/numactl -C 2 --membind 0 /mydata/Trident-MICRO21-artifact/bin/bfs /mydata/PCC-artefacts/data/Kronecker_25/ 0 0
[0mWaiting for benchmark: 13249 to be ready
Initialization Time (seconds): 16
[0mWaiting for benchmark to be done
Initialization Time (seconds): 31
[0mWaiting for benchmark to be done
Execution Time (seconds): 37
Execution Time (seconds): 37
Dropping caches for config: 4KB
Configuration: 4KB completed.
perf stat -x, -o /mydata/Trident-MICRO21-artifact/evaluation/sssp/node0.atma-243298.pccartefacts-pg0.clemson.cloudlab.us-sssp--4KB--20250316-011010/perflog-sssp-node0.atma-243298.pccartefacts-pg0.clemson.cloudlab.us-4KB.dat -e cycles,instructions,L1-dcache-loads,L1-dcache-load-misses,L1-dcache-stores,LLC-loads,LLC-load-misses,LLC-stores,LLC-store-misses,dTLB-loads,dTLB-stores,dtlb_load_misses.stlb_hit,dtlb_load_misses.miss_causes_a_walk,dtlb_load_misses.walk_duration,dtlb_load_misses.walk_completed,dtlb_load_misses.walk_completed_4k,dtlb_load_misses.walk_completed_2m_4m,dtlb_load_misses.walk_completed_1g,dtlb_store_misses.stlb_hit,dtlb_store_misses.miss_causes_a_walk,dtlb_store_misses.walk_duration,dtlb_store_misses.walk_completed,dtlb_store_misses.walk_completed_4k,dtlb_store_misses.walk_completed_2m_4m,dtlb_store_misses.walk_completed_1g,page_walker_loads.dtlb_l1,page_walker_loads.dtlb_l2,page_walker_loads.dtlb_l3,page_walker_loads.dtlb_memory,page-faults,dtlb_load_misses.stlb_hit_4k,dtlb_load_misses.stlb_hit_2m,dtlb_store_misses.stlb_hit_4k,dtlb_store_misses.stlb_hit_2m -- /mydata/Trident-MICRO21-artifact/bin/numactl -C 2 --membind 0 /mydata/Trident-MICRO21-artifact/bin/sssp /mydata/PCC-artefacts/data/Kronecker_25/ 0 0
[0mWaiting for benchmark: 14512 to be ready
Dropping caches for config: TRIDENT
Configuration: TRIDENT completed.
perf stat -x, -o /mydata/Trident-MICRO21-artifact/evaluation/bfs/node0.atma-243298.pccartefacts-pg0.clemson.cloudlab.us-bfs--TRIDENT--20250316-011031/perflog-bfs-node0.atma-243298.pccartefacts-pg0.clemson.cloudlab.us-TRIDENT.dat -e cycles,instructions,L1-dcache-loads,L1-dcache-load-misses,L1-dcache-stores,LLC-loads,LLC-load-misses,LLC-stores,LLC-store-misses,dTLB-loads,dTLB-stores,dtlb_load_misses.stlb_hit,dtlb_load_misses.miss_causes_a_walk,dtlb_load_misses.walk_duration,dtlb_load_misses.walk_completed,dtlb_load_misses.walk_completed_4k,dtlb_load_misses.walk_completed_2m_4m,dtlb_load_misses.walk_completed_1g,dtlb_store_misses.stlb_hit,dtlb_store_misses.miss_causes_a_walk,dtlb_store_misses.walk_duration,dtlb_store_misses.walk_completed,dtlb_store_misses.walk_completed_4k,dtlb_store_misses.walk_completed_2m_4m,dtlb_store_misses.walk_completed_1g,page_walker_loads.dtlb_l1,page_walker_loads.dtlb_l2,page_walker_loads.dtlb_l3,page_walker_loads.dtlb_memory,page-faults,dtlb_load_misses.stlb_hit_4k,dtlb_load_misses.stlb_hit_2m,dtlb_store_misses.stlb_hit_4k,dtlb_store_misses.stlb_hit_2m -- /mydata/Trident-MICRO21-artifact/bin/numactl -C 2 --membind 0 /mydata/Trident-MICRO21-artifact/bin/bfs /mydata/PCC-artefacts/data/Kronecker_25/ 0 0
[0mWaiting for benchmark: 14809 to be ready
Initialization Time (seconds): 61
[0mWaiting for benchmark to be done
Initialization Time (seconds): 41
[0mWaiting for benchmark to be done
Execution Time (seconds): 44
Execution Time (seconds): 44
Dropping caches for config: 2MBTHP
Configuration: 2MBTHP completed.
perf stat -x, -o /mydata/Trident-MICRO21-artifact/evaluation/sssp/node0.atma-243298.pccartefacts-pg0.clemson.cloudlab.us-sssp--2MBTHP--20250316-011159/perflog-sssp-node0.atma-243298.pccartefacts-pg0.clemson.cloudlab.us-2MBTHP.dat -e cycles,instructions,L1-dcache-loads,L1-dcache-load-misses,L1-dcache-stores,LLC-loads,LLC-load-misses,LLC-stores,LLC-store-misses,dTLB-loads,dTLB-stores,dtlb_load_misses.stlb_hit,dtlb_load_misses.miss_causes_a_walk,dtlb_load_misses.walk_duration,dtlb_load_misses.walk_completed,dtlb_load_misses.walk_completed_4k,dtlb_load_misses.walk_completed_2m_4m,dtlb_load_misses.walk_completed_1g,dtlb_store_misses.stlb_hit,dtlb_store_misses.miss_causes_a_walk,dtlb_store_misses.walk_duration,dtlb_store_misses.walk_completed,dtlb_store_misses.walk_completed_4k,dtlb_store_misses.walk_completed_2m_4m,dtlb_store_misses.walk_completed_1g,page_walker_loads.dtlb_l1,page_walker_loads.dtlb_l2,page_walker_loads.dtlb_l3,page_walker_loads.dtlb_memory,page-faults,dtlb_load_misses.stlb_hit_4k,dtlb_load_misses.stlb_hit_2m,dtlb_store_misses.stlb_hit_4k,dtlb_store_misses.stlb_hit_2m -- /mydata/Trident-MICRO21-artifact/bin/numactl -C 2 --membind 0 /mydata/Trident-MICRO21-artifact/bin/sssp /mydata/PCC-artefacts/data/Kronecker_25/ 0 0
[0mWaiting for benchmark: 16601 to be ready
Initialization Time (seconds): 77
[0mWaiting for benchmark to be done
Execution Time (seconds): 553
Dropping caches for config: 4KB
Configuration: 4KB completed.
perf stat -x, -o /mydata/Trident-MICRO21-artifact/evaluation/pgr/node0.atma-243298.pccartefacts-pg0.clemson.cloudlab.us-pgr--4KB--20250316-012231/perflog-pgr-node0.atma-243298.pccartefacts-pg0.clemson.cloudlab.us-4KB.dat -e cycles,instructions,L1-dcache-loads,L1-dcache-load-misses,L1-dcache-stores,LLC-loads,LLC-load-misses,LLC-stores,LLC-store-misses,dTLB-loads,dTLB-stores,dtlb_load_misses.stlb_hit,dtlb_load_misses.miss_causes_a_walk,dtlb_load_misses.walk_duration,dtlb_load_misses.walk_completed,dtlb_load_misses.walk_completed_4k,dtlb_load_misses.walk_completed_2m_4m,dtlb_load_misses.walk_completed_1g,dtlb_store_misses.stlb_hit,dtlb_store_misses.miss_causes_a_walk,dtlb_store_misses.walk_duration,dtlb_store_misses.walk_completed,dtlb_store_misses.walk_completed_4k,dtlb_store_misses.walk_completed_2m_4m,dtlb_store_misses.walk_completed_1g,page_walker_loads.dtlb_l1,page_walker_loads.dtlb_l2,page_walker_loads.dtlb_l3,page_walker_loads.dtlb_memory,page-faults,dtlb_load_misses.stlb_hit_4k,dtlb_load_misses.stlb_hit_2m,dtlb_store_misses.stlb_hit_4k,dtlb_store_misses.stlb_hit_2m -- /mydata/Trident-MICRO21-artifact/bin/numactl -C 2 --membind 0 /mydata/Trident-MICRO21-artifact/bin/pgr /mydata/PCC-artefacts/data/Kronecker_25/ 0 0
[0mWaiting for benchmark: 22976 to be ready
Initialization Time (seconds): 105
[0mWaiting for benchmark to be done
Execution Time (seconds): 6
Dropping caches for config: TRIDENT
Configuration: TRIDENT completed.
perf stat -x, -o /mydata/Trident-MICRO21-artifact/evaluation/sssp/node0.atma-243298.pccartefacts-pg0.clemson.cloudlab.us-sssp--TRIDENT--20250316-012425/perflog-sssp-node0.atma-243298.pccartefacts-pg0.clemson.cloudlab.us-TRIDENT.dat -e cycles,instructions,L1-dcache-loads,L1-dcache-load-misses,L1-dcache-stores,LLC-loads,LLC-load-misses,LLC-stores,LLC-store-misses,dTLB-loads,dTLB-stores,dtlb_load_misses.stlb_hit,dtlb_load_misses.miss_causes_a_walk,dtlb_load_misses.walk_duration,dtlb_load_misses.walk_completed,dtlb_load_misses.walk_completed_4k,dtlb_load_misses.walk_completed_2m_4m,dtlb_load_misses.walk_completed_1g,dtlb_store_misses.stlb_hit,dtlb_store_misses.miss_causes_a_walk,dtlb_store_misses.walk_duration,dtlb_store_misses.walk_completed,dtlb_store_misses.walk_completed_4k,dtlb_store_misses.walk_completed_2m_4m,dtlb_store_misses.walk_completed_1g,page_walker_loads.dtlb_l1,page_walker_loads.dtlb_l2,page_walker_loads.dtlb_l3,page_walker_loads.dtlb_memory,page-faults,dtlb_load_misses.stlb_hit_4k,dtlb_load_misses.stlb_hit_2m,dtlb_store_misses.stlb_hit_4k,dtlb_store_misses.stlb_hit_2m -- /mydata/Trident-MICRO21-artifact/bin/numactl -C 2 --membind 0 /mydata/Trident-MICRO21-artifact/bin/sssp /mydata/PCC-artefacts/data/Kronecker_25/ 0 0
[0mWaiting for benchmark: 24187 to be ready
Initialization Time (seconds): 78
[0mWaiting for benchmark to be done
Execution Time (seconds): 674
Dropping caches for config: 2MBTHP
Configuration: 2MBTHP completed.
perf stat -x, -o /mydata/Trident-MICRO21-artifact/evaluation/pgr/node0.atma-243298.pccartefacts-pg0.clemson.cloudlab.us-pgr--2MBTHP--20250316-013659/perflog-pgr-node0.atma-243298.pccartefacts-pg0.clemson.cloudlab.us-2MBTHP.dat -e cycles,instructions,L1-dcache-loads,L1-dcache-load-misses,L1-dcache-stores,LLC-loads,LLC-load-misses,LLC-stores,LLC-store-misses,dTLB-loads,dTLB-stores,dtlb_load_misses.stlb_hit,dtlb_load_misses.miss_causes_a_walk,dtlb_load_misses.walk_duration,dtlb_load_misses.walk_completed,dtlb_load_misses.walk_completed_4k,dtlb_load_misses.walk_completed_2m_4m,dtlb_load_misses.walk_completed_1g,dtlb_store_misses.stlb_hit,dtlb_store_misses.miss_causes_a_walk,dtlb_store_misses.walk_duration,dtlb_store_misses.walk_completed,dtlb_store_misses.walk_completed_4k,dtlb_store_misses.walk_completed_2m_4m,dtlb_store_misses.walk_completed_1g,page_walker_loads.dtlb_l1,page_walker_loads.dtlb_l2,page_walker_loads.dtlb_l3,page_walker_loads.dtlb_memory,page-faults,dtlb_load_misses.stlb_hit_4k,dtlb_load_misses.stlb_hit_2m,dtlb_store_misses.stlb_hit_4k,dtlb_store_misses.stlb_hit_2m -- /mydata/Trident-MICRO21-artifact/bin/numactl -C 2 --membind 0 /mydata/Trident-MICRO21-artifact/bin/pgr /mydata/PCC-artefacts/data/Kronecker_25/ 0 0
[0mWaiting for benchmark: 31761 to be ready
Initialization Time (seconds): 84
[0mWaiting for benchmark to be done
Execution Time (seconds): 1066
Dropping caches for config: 2MBTHP
Configuration: 2MBTHP completed.
perf stat -x, -o /mydata/Trident-MICRO21-artifact/evaluation/bfs/node0.atma-243298.pccartefacts-pg0.clemson.cloudlab.us-bfs--2MBTHP--20250316-015612/perflog-bfs-node0.atma-243298.pccartefacts-pg0.clemson.cloudlab.us-2MBTHP.dat -e cycles,instructions,L1-dcache-loads,L1-dcache-load-misses,L1-dcache-stores,LLC-loads,LLC-load-misses,LLC-stores,LLC-store-misses,dTLB-loads,dTLB-stores,dtlb_load_misses.stlb_hit,dtlb_load_misses.miss_causes_a_walk,dtlb_load_misses.walk_duration,dtlb_load_misses.walk_completed,dtlb_load_misses.walk_completed_4k,dtlb_load_misses.walk_completed_2m_4m,dtlb_load_misses.walk_completed_1g,dtlb_store_misses.stlb_hit,dtlb_store_misses.miss_causes_a_walk,dtlb_store_misses.walk_duration,dtlb_store_misses.walk_completed,dtlb_store_misses.walk_completed_4k,dtlb_store_misses.walk_completed_2m_4m,dtlb_store_misses.walk_completed_1g,page_walker_loads.dtlb_l1,page_walker_loads.dtlb_l2,page_walker_loads.dtlb_l3,page_walker_loads.dtlb_memory,page-faults,dtlb_load_misses.stlb_hit_4k,dtlb_load_misses.stlb_hit_2m,dtlb_store_misses.stlb_hit_4k,dtlb_store_misses.stlb_hit_2m -- /mydata/Trident-MICRO21-artifact/bin/numactl -C 2 --membind 0 /mydata/Trident-MICRO21-artifact/bin/bfs /mydata/PCC-artefacts/data/Kronecker_25/ 0 0
[0mWaiting for benchmark: 43310 to be ready
Initialization Time (seconds): 42
[0mWaiting for benchmark to be done
Execution Time (seconds): 37
Dropping caches for config: 2MBTHP
Configuration: 2MBTHP completed.
perf stat -x, -o /mydata/Trident-MICRO21-artifact/evaluation/sssp/node0.atma-243298.pccartefacts-pg0.clemson.cloudlab.us-sssp--2MBTHP--20250316-015733/perflog-sssp-node0.atma-243298.pccartefacts-pg0.clemson.cloudlab.us-2MBTHP.dat -e cycles,instructions,L1-dcache-loads,L1-dcache-load-misses,L1-dcache-stores,LLC-loads,LLC-load-misses,LLC-stores,LLC-store-misses,dTLB-loads,dTLB-stores,dtlb_load_misses.stlb_hit,dtlb_load_misses.miss_causes_a_walk,dtlb_load_misses.walk_duration,dtlb_load_misses.walk_completed,dtlb_load_misses.walk_completed_4k,dtlb_load_misses.walk_completed_2m_4m,dtlb_load_misses.walk_completed_1g,dtlb_store_misses.stlb_hit,dtlb_store_misses.miss_causes_a_walk,dtlb_store_misses.walk_duration,dtlb_store_misses.walk_completed,dtlb_store_misses.walk_completed_4k,dtlb_store_misses.walk_completed_2m_4m,dtlb_store_misses.walk_completed_1g,page_walker_loads.dtlb_l1,page_walker_loads.dtlb_l2,page_walker_loads.dtlb_l3,page_walker_loads.dtlb_memory,page-faults,dtlb_load_misses.stlb_hit_4k,dtlb_load_misses.stlb_hit_2m,dtlb_store_misses.stlb_hit_4k,dtlb_store_misses.stlb_hit_2m -- /mydata/Trident-MICRO21-artifact/bin/numactl -C 2 --membind 0 /mydata/Trident-MICRO21-artifact/bin/sssp /mydata/PCC-artefacts/data/Kronecker_25/ 0 0
[0mWaiting for benchmark: 44182 to be ready
Initialization Time (seconds): 78
[0mWaiting for benchmark to be done
Execution Time (seconds): 682
Dropping caches for config: 2MBTHP
Configuration: 2MBTHP completed.
perf stat -x, -o /mydata/Trident-MICRO21-artifact/evaluation/pgr/node0.atma-243298.pccartefacts-pg0.clemson.cloudlab.us-pgr--2MBTHP--20250316-021016/perflog-pgr-node0.atma-243298.pccartefacts-pg0.clemson.cloudlab.us-2MBTHP.dat -e cycles,instructions,L1-dcache-loads,L1-dcache-load-misses,L1-dcache-stores,LLC-loads,LLC-load-misses,LLC-stores,LLC-store-misses,dTLB-loads,dTLB-stores,dtlb_load_misses.stlb_hit,dtlb_load_misses.miss_causes_a_walk,dtlb_load_misses.walk_duration,dtlb_load_misses.walk_completed,dtlb_load_misses.walk_completed_4k,dtlb_load_misses.walk_completed_2m_4m,dtlb_load_misses.walk_completed_1g,dtlb_store_misses.stlb_hit,dtlb_store_misses.miss_causes_a_walk,dtlb_store_misses.walk_duration,dtlb_store_misses.walk_completed,dtlb_store_misses.walk_completed_4k,dtlb_store_misses.walk_completed_2m_4m,dtlb_store_misses.walk_completed_1g,page_walker_loads.dtlb_l1,page_walker_loads.dtlb_l2,page_walker_loads.dtlb_l3,page_walker_loads.dtlb_memory,page-faults,dtlb_load_misses.stlb_hit_4k,dtlb_load_misses.stlb_hit_2m,dtlb_store_misses.stlb_hit_4k,dtlb_store_misses.stlb_hit_2m -- /mydata/Trident-MICRO21-artifact/bin/numactl -C 2 --membind 0 /mydata/Trident-MICRO21-artifact/bin/pgr /mydata/PCC-artefacts/data/Kronecker_25/ 0 0
[0mWaiting for benchmark: 51871 to be ready
Dropping caches for config: TRIDENT
Configuration: TRIDENT completed.
perf stat -x, -o /mydata/Trident-MICRO21-artifact/evaluation/pgr/node0.atma-243298.pccartefacts-pg0.clemson.cloudlab.us-pgr--TRIDENT--20250316-021026/perflog-pgr-node0.atma-243298.pccartefacts-pg0.clemson.cloudlab.us-TRIDENT.dat -e cycles,instructions,L1-dcache-loads,L1-dcache-load-misses,L1-dcache-stores,LLC-loads,LLC-load-misses,LLC-stores,LLC-store-misses,dTLB-loads,dTLB-stores,dtlb_load_misses.stlb_hit,dtlb_load_misses.miss_causes_a_walk,dtlb_load_misses.walk_duration,dtlb_load_misses.walk_completed,dtlb_load_misses.walk_completed_4k,dtlb_load_misses.walk_completed_2m_4m,dtlb_load_misses.walk_completed_1g,dtlb_store_misses.stlb_hit,dtlb_store_misses.miss_causes_a_walk,dtlb_store_misses.walk_duration,dtlb_store_misses.walk_completed,dtlb_store_misses.walk_completed_4k,dtlb_store_misses.walk_completed_2m_4m,dtlb_store_misses.walk_completed_1g,page_walker_loads.dtlb_l1,page_walker_loads.dtlb_l2,page_walker_loads.dtlb_l3,page_walker_loads.dtlb_memory,page-faults,dtlb_load_misses.stlb_hit_4k,dtlb_load_misses.stlb_hit_2m,dtlb_store_misses.stlb_hit_4k,dtlb_store_misses.stlb_hit_2m -- /mydata/Trident-MICRO21-artifact/bin/numactl -C 2 --membind 0 /mydata/Trident-MICRO21-artifact/bin/pgr /mydata/PCC-artefacts/data/Kronecker_25/ 0 0
[0mWaiting for benchmark: 52071 to be ready
Initialization Time (seconds): 72
[0mWaiting for benchmark to be done
Initialization Time (seconds): 82
[0mWaiting for benchmark to be done
Execution Time (seconds): 1924
Execution Time (seconds): 1924
